


ARM Macro Assembler    Page 1 


    1 00000000         ;/*!
    2 00000000         ;    \file  startup_gd32f30x_hd.s
    3 00000000         ;    \brief start up file
    4 00000000         ;*/
    5 00000000         
    6 00000000         ;/*
    7 00000000         ;    Copyright (C) 2017 GigaDevice
    8 00000000         
    9 00000000         ;    2017-02-10, V1.0.1, firmware for GD32F30x
   10 00000000         ;*/
   11 00000000         
   12 00000000         ; <h> Stack Configuration
   13 00000000         ;   <o> Stack Size (in Bytes) <0x0-0xFFFFFFFF:8>
   14 00000000         ; </h>
   15 00000000         
   16 00000000 00000800 
                       Stack_Size
                               EQU              0x0000800
   17 00000000         
   18 00000000                 AREA             STACK, NOINIT, READWRITE, ALIGN
=3
   19 00000000         Stack_Mem
                               SPACE            Stack_Size
   20 00000800         __initial_sp
   21 00000800         
   22 00000800         
   23 00000800         ; <h> Heap Configuration
   24 00000800         ;   <o>  Heap Size (in Bytes) <0x0-0xFFFFFFFF:8>
   25 00000800         ; </h>
   26 00000800         
   27 00000800 00000400 
                       Heap_Size
                               EQU              0x00000400
   28 00000800         
   29 00000800                 AREA             HEAP, NOINIT, READWRITE, ALIGN=
3
   30 00000000         __heap_base
   31 00000000         Heap_Mem
                               SPACE            Heap_Size
   32 00000400         __heap_limit
   33 00000400         
   34 00000400                 PRESERVE8
   35 00000400                 THUMB
   36 00000400         
   37 00000400         ;               /* reset Vector Mapped to at Address 0 *
                       /
   38 00000400                 AREA             RESET, DATA, READONLY
   39 00000000                 EXPORT           __Vectors
   40 00000000                 EXPORT           __Vectors_End
   41 00000000                 EXPORT           __Vectors_Size
   42 00000000         
   43 00000000 00000000 
                       __Vectors
                               DCD              __initial_sp ; Top of Stack
   44 00000004 00000000        DCD              Reset_Handler ; Reset Handler
   45 00000008 00000000        DCD              NMI_Handler ; NMI Handler
   46 0000000C 00000000        DCD              HardFault_Handler ; Hard Fault 
                                                            Handler
   47 00000010 00000000        DCD              MemManage_Handler 



ARM Macro Assembler    Page 2 


                                                            ; MPU Fault Handler
                                                            
   48 00000014 00000000        DCD              BusFault_Handler 
                                                            ; Bus Fault Handler
                                                            
   49 00000018 00000000        DCD              UsageFault_Handler ; Usage Faul
                                                            t Handler
   50 0000001C 00000000        DCD              0           ; Reserved
   51 00000020 00000000        DCD              0           ; Reserved
   52 00000024 00000000        DCD              0           ; Reserved
   53 00000028 00000000        DCD              0           ; Reserved
   54 0000002C 00000000        DCD              SVC_Handler ; SVCall Handler
   55 00000030 00000000        DCD              DebugMon_Handler ; Debug Monito
                                                            r Handler
   56 00000034 00000000        DCD              0           ; Reserved
   57 00000038 00000000        DCD              OS_CPU_PendSVHandler 
                                                            ; PendSV Handler
   58 0000003C 00000000        DCD              OS_CPU_SysTickHandler 
                                                            ; SysTick Handler
   59 00000040         
   60 00000040         ;               /* external interrupts handler */
   61 00000040 00000000        DCD              WWDGT_IRQHandler ; 16:Window Wa
                                                            tchdog Timer
   62 00000044 00000000        DCD              LVD_IRQHandler ; 17:LVD through
                                                             EXTI Line detect
   63 00000048 00000000        DCD              TAMPER_IRQHandler ; 18:Tamper t
                                                            hrough EXTI Line de
                                                            tect
   64 0000004C 00000000        DCD              RTC_IRQHandler ; 19:RTC through
                                                             EXTI Line
   65 00000050 00000000        DCD              FMC_IRQHandler ; 20:FMC
   66 00000054 00000000        DCD              RCU_CTC_IRQHandler 
                                                            ; 21:RCU and CTC
   67 00000058 00000000        DCD              EXTI0_IRQHandler 
                                                            ; 22:EXTI Line 0
   68 0000005C 00000000        DCD              EXTI1_IRQHandler 
                                                            ; 23:EXTI Line 1
   69 00000060 00000000        DCD              EXTI2_IRQHandler 
                                                            ; 24:EXTI Line 2
   70 00000064 00000000        DCD              EXTI3_IRQHandler 
                                                            ; 25:EXTI Line 3
   71 00000068 00000000        DCD              EXTI4_IRQHandler 
                                                            ; 26:EXTI Line 4
   72 0000006C 00000000        DCD              DMA0_Channel0_IRQHandler 
                                                            ; 27:DMA0 Channel0
   73 00000070 00000000        DCD              DMA0_Channel1_IRQHandler 
                                                            ; 28:DMA0 Channel1
   74 00000074 00000000        DCD              DMA0_Channel2_IRQHandler 
                                                            ; 29:DMA0 Channel2
   75 00000078 00000000        DCD              DMA0_Channel3_IRQHandler 
                                                            ; 30:DMA0 Channel3
   76 0000007C 00000000        DCD              DMA0_Channel4_IRQHandler 
                                                            ; 31:DMA0 Channel4
   77 00000080 00000000        DCD              DMA0_Channel5_IRQHandler 
                                                            ; 32:DMA0 Channel5
   78 00000084 00000000        DCD              DMA0_Channel6_IRQHandler 
                                                            ; 33:DMA0 Channel6
   79 00000088 00000000        DCD              ADC0_1_IRQHandler 
                                                            ; 34:ADC0 and ADC1



ARM Macro Assembler    Page 3 


   80 0000008C 00000000        DCD              USBD_HP_CAN0_TX_IRQHandler ; 35
                                                            :USBD HP and CAN0 T
                                                            X
   81 00000090 00000000        DCD              USBD_LP_CAN0_RX0_IRQHandler ; 3
                                                            6:USBD LP and CAN0 
                                                            RX0
   82 00000094 00000000        DCD              CAN0_RX1_IRQHandler 
                                                            ; 37:CAN0 RX1
   83 00000098 00000000        DCD              CAN0_EWMC_IRQHandler 
                                                            ; 38:CAN0 EWMC
   84 0000009C 00000000        DCD              EXTI5_9_IRQHandler 
                                                            ; 39:EXTI5 to EXTI9
                                                            
   85 000000A0 00000000        DCD              TIMER0_BRK_IRQHandler 
                                                            ; 40:TIMER0 Break
   86 000000A4 00000000        DCD              TIMER0_UP_IRQHandler 
                                                            ; 41:TIMER0 Update
   87 000000A8 00000000        DCD              TIMER0_TRG_CMT_IRQHandler ; 42:
                                                            TIMER0 Trigger and 
                                                            Commutation 
   88 000000AC 00000000        DCD              TIMER0_Channel_IRQHandler ; 43:
                                                            TIMER0 Channel Capt
                                                            ure Compare
   89 000000B0 00000000        DCD              TIMER1_IRQHandler ; 44:TIMER1
   90 000000B4 00000000        DCD              TIMER2_IRQHandler ; 45:TIMER2
   91 000000B8 00000000        DCD              TIMER3_IRQHandler ; 46:TIMER3
   92 000000BC 00000000        DCD              I2C0_EV_IRQHandler 
                                                            ; 47:I2C0 Event
   93 000000C0 00000000        DCD              I2C0_ER_IRQHandler 
                                                            ; 48:I2C0 Error
   94 000000C4 00000000        DCD              I2C1_EV_IRQHandler 
                                                            ; 49:I2C1 Event
   95 000000C8 00000000        DCD              I2C1_ER_IRQHandler 
                                                            ; 50:I2C1 Error
   96 000000CC 00000000        DCD              SPI0_IRQHandler ; 51:SPI0
   97 000000D0 00000000        DCD              SPI1_IRQHandler ; 52:SPI1
   98 000000D4 00000000        DCD              USART0_IRQHandler ; 53:USART0
   99 000000D8 00000000        DCD              USART1_IRQHandler ; 54:USART1
  100 000000DC 00000000        DCD              USART2_IRQHandler ; 55:USART2
  101 000000E0 00000000        DCD              EXTI10_15_IRQHandler ; 56:EXTI1
                                                            0 to EXTI15
  102 000000E4 00000000        DCD              RTC_Alarm_IRQHandler 
                                                            ; 57:RTC Alarm
  103 000000E8 00000000        DCD              USBD_WKUP_IRQHandler 
                                                            ; 58:USBD Wakeup
  104 000000EC 00000000        DCD              TIMER7_BRK_IRQHandler 
                                                            ; 59:TIMER7 Break 
  105 000000F0 00000000        DCD              TIMER7_UP_IRQHandler 
                                                            ; 60:TIMER7 Update 
                                                            
  106 000000F4 00000000        DCD              TIMER7_TRG_CMT_IRQHandler ; 61:
                                                            TIMER7 Trigger and 
                                                            Commutation
  107 000000F8 00000000        DCD              TIMER7_Channel_IRQHandler ; 62:
                                                            TIMER7 Channel Capt
                                                            ure Compare
  108 000000FC 00000000        DCD              ADC2_IRQHandler ; 63:ADC2
  109 00000100 00000000        DCD              EXMC_IRQHandler ; 64:EXMC
  110 00000104 00000000        DCD              SDIO_IRQHandler ; 65:SDIO



ARM Macro Assembler    Page 4 


  111 00000108 00000000        DCD              TIMER4_IRQHandler ; 66:TIMER4
  112 0000010C 00000000        DCD              SPI2_IRQHandler ; 67:SPI2
  113 00000110 00000000        DCD              UART3_IRQHandler ; 68:UART3
  114 00000114 00000000        DCD              UART4_IRQHandler ; 69:UART4
  115 00000118 00000000        DCD              TIMER5_IRQHandler ; 70:TIMER5 
  116 0000011C 00000000        DCD              TIMER6_IRQHandler ; 71:TIMER6
  117 00000120 00000000        DCD              DMA1_Channel0_IRQHandler 
                                                            ; 72:DMA1 Channel0
  118 00000124 00000000        DCD              DMA1_Channel1_IRQHandler 
                                                            ; 73:DMA1 Channel1
  119 00000128 00000000        DCD              DMA1_Channel2_IRQHandler 
                                                            ; 74:DMA1 Channel2
  120 0000012C 00000000        DCD              DMA1_Channel3_4_IRQHandler ; 75
                                                            :DMA1 Channel3 and 
                                                            Channel4
  121 00000130         
  122 00000130         __Vectors_End
  123 00000130         
  124 00000130 00000130 
                       __Vectors_Size
                               EQU              __Vectors_End - __Vectors
  125 00000130         
  126 00000130                 AREA             |.text|, CODE, READONLY
  127 00000000         
  128 00000000         ;/* reset Handler */
  129 00000000         Reset_Handler
                               PROC
  130 00000000                 EXPORT           Reset_Handler                  
   [WEAK]
  131 00000000                 IMPORT           SystemInit
  132 00000000                 IMPORT           __main
  133 00000000 480E            LDR              R0, =SystemInit
  134 00000002 4780            BLX              R0
  135 00000004         
  136 00000004                 IF               {FPU} != "SoftVFP"
  137 00000004         ; Enable Floating Point Support at reset for FPU
  138 00000004 F8DF 0038       LDR.W            R0, =0xE000ED88 ; Load address 
                                                            of CPACR register
  139 00000008 6801            LDR              R1, [R0]    ; Read value at CPA
                                                            CR
  140 0000000A F441 0170       ORR              R1,  R1, #(0xF <<20) ; Set bits
                                                             20-23 to enable CP
                                                            10 and CP11 coproce
                                                            ssors
  141 0000000E         ; Write back the modified CPACR value
  142 0000000E 6001            STR              R1, [R0]    ; Wait for store to
                                                             complete
  143 00000010 F3BF 8F4F       DSB
  144 00000014         
  145 00000014         ; Disable automatic FP register content
  146 00000014         ; Disable lazy context switch
  147 00000014 F8DF 002C       LDR.W            R0, =0xE000EF34 ; Load address 
                                                            to FPCCR register
  148 00000018 6801            LDR              R1, [R0]
  149 0000001A F021 4140       AND              R1,  R1, #(0x3FFFFFFF) ; Clear 
                                                            the LSPEN and ASPEN
                                                             bits
  150 0000001E 6001            STR              R1, [R0]
  151 00000020 F3BF 8F6F       ISB                          ; Reset pipeline no



ARM Macro Assembler    Page 5 


                                                            w the FPU is enable
                                                            d
  152 00000024                 ENDIF
  153 00000024         
  154 00000024 4808            LDR              R0, =__main
  155 00000026 4700            BX               R0
  156 00000028                 ENDP
  157 00000028         
  158 00000028         ;/* dummy Exception Handlers */
  159 00000028         NMI_Handler
                               PROC
  160 00000028                 EXPORT           NMI_Handler                    
   [WEAK]
  161 00000028 E7FE            B                .
  162 0000002A                 ENDP
  164 0000002A         HardFault_Handler
                               PROC
  165 0000002A                 EXPORT           HardFault_Handler              
   [WEAK]
  166 0000002A E7FE            B                .
  167 0000002C                 ENDP
  169 0000002C         MemManage_Handler
                               PROC
  170 0000002C                 EXPORT           MemManage_Handler              
   [WEAK]
  171 0000002C E7FE            B                .
  172 0000002E                 ENDP
  174 0000002E         BusFault_Handler
                               PROC
  175 0000002E                 EXPORT           BusFault_Handler               
   [WEAK]
  176 0000002E E7FE            B                .
  177 00000030                 ENDP
  179 00000030         UsageFault_Handler
                               PROC
  180 00000030                 EXPORT           UsageFault_Handler             
   [WEAK]
  181 00000030 E7FE            B                .
  182 00000032                 ENDP
  183 00000032         SVC_Handler
                               PROC
  184 00000032                 EXPORT           SVC_Handler                    
   [WEAK]
  185 00000032 E7FE            B                .
  186 00000034                 ENDP
  188 00000034         DebugMon_Handler
                               PROC
  189 00000034                 EXPORT           DebugMon_Handler               
   [WEAK]
  190 00000034 E7FE            B                .
  191 00000036                 ENDP
  193 00000036         OS_CPU_PendSVHandler
                               PROC
  194 00000036                 EXPORT           OS_CPU_PendSVHandler           
   [WEAK]
  195 00000036 E7FE            B                .
  196 00000038                 ENDP
  198 00000038         OS_CPU_SysTickHandler
                               PROC



ARM Macro Assembler    Page 6 


  199 00000038                 EXPORT           OS_CPU_SysTickHandler          
   [WEAK]
  200 00000038 E7FE            B                .
  201 0000003A                 ENDP
  202 0000003A         
  203 0000003A         Default_Handler
                               PROC
  204 0000003A         ;               /* external interrupts handler */
  205 0000003A                 EXPORT           WWDGT_IRQHandler               
   [WEAK]
  206 0000003A                 EXPORT           LVD_IRQHandler                 
   [WEAK]
  207 0000003A                 EXPORT           TAMPER_IRQHandler              
   [WEAK]
  208 0000003A                 EXPORT           RTC_IRQHandler                 
   [WEAK]
  209 0000003A                 EXPORT           FMC_IRQHandler                 
   [WEAK]
  210 0000003A                 EXPORT           RCU_CTC_IRQHandler             
   [WEAK]
  211 0000003A                 EXPORT           EXTI0_IRQHandler               
   [WEAK]
  212 0000003A                 EXPORT           EXTI1_IRQHandler               
   [WEAK]
  213 0000003A                 EXPORT           EXTI2_IRQHandler               
   [WEAK]
  214 0000003A                 EXPORT           EXTI3_IRQHandler               
   [WEAK]
  215 0000003A                 EXPORT           EXTI4_IRQHandler               
   [WEAK]
  216 0000003A                 EXPORT           DMA0_Channel0_IRQHandler       
   [WEAK]
  217 0000003A                 EXPORT           DMA0_Channel1_IRQHandler       
   [WEAK]
  218 0000003A                 EXPORT           DMA0_Channel2_IRQHandler       
   [WEAK]
  219 0000003A                 EXPORT           DMA0_Channel3_IRQHandler       
   [WEAK]
  220 0000003A                 EXPORT           DMA0_Channel4_IRQHandler       
   [WEAK]
  221 0000003A                 EXPORT           DMA0_Channel5_IRQHandler       
   [WEAK]
  222 0000003A                 EXPORT           DMA0_Channel6_IRQHandler       
   [WEAK]
  223 0000003A                 EXPORT           ADC0_1_IRQHandler              
   [WEAK]
  224 0000003A                 EXPORT           USBD_HP_CAN0_TX_IRQHandler     
   [WEAK]
  225 0000003A                 EXPORT           USBD_LP_CAN0_RX0_IRQHandler    
   [WEAK]
  226 0000003A                 EXPORT           CAN0_RX1_IRQHandler            
   [WEAK]
  227 0000003A                 EXPORT           CAN0_EWMC_IRQHandler           
   [WEAK]
  228 0000003A                 EXPORT           EXTI5_9_IRQHandler             
   [WEAK]
  229 0000003A                 EXPORT           TIMER0_BRK_IRQHandler          
   [WEAK]
  230 0000003A                 EXPORT           TIMER0_UP_IRQHandler           



ARM Macro Assembler    Page 7 


   [WEAK]
  231 0000003A                 EXPORT           TIMER0_TRG_CMT_IRQHandler      
   [WEAK]
  232 0000003A                 EXPORT           TIMER0_Channel_IRQHandler      
   [WEAK]
  233 0000003A                 EXPORT           TIMER1_IRQHandler              
   [WEAK]
  234 0000003A                 EXPORT           TIMER2_IRQHandler              
   [WEAK]
  235 0000003A                 EXPORT           TIMER3_IRQHandler              
   [WEAK]
  236 0000003A                 EXPORT           I2C0_EV_IRQHandler             
   [WEAK]
  237 0000003A                 EXPORT           I2C0_ER_IRQHandler             
   [WEAK]
  238 0000003A                 EXPORT           I2C1_EV_IRQHandler             
   [WEAK]
  239 0000003A                 EXPORT           I2C1_ER_IRQHandler             
   [WEAK]
  240 0000003A                 EXPORT           SPI0_IRQHandler                
   [WEAK]
  241 0000003A                 EXPORT           SPI1_IRQHandler                
   [WEAK]
  242 0000003A                 EXPORT           USART0_IRQHandler              
   [WEAK]
  243 0000003A                 EXPORT           USART1_IRQHandler              
   [WEAK]
  244 0000003A                 EXPORT           USART2_IRQHandler              
   [WEAK]
  245 0000003A                 EXPORT           EXTI10_15_IRQHandler           
   [WEAK]
  246 0000003A                 EXPORT           RTC_Alarm_IRQHandler           
   [WEAK]
  247 0000003A                 EXPORT           USBD_WKUP_IRQHandler           
   [WEAK]
  248 0000003A                 EXPORT           TIMER7_BRK_IRQHandler          
   [WEAK]
  249 0000003A                 EXPORT           TIMER7_UP_IRQHandler           
   [WEAK]
  250 0000003A                 EXPORT           TIMER7_TRG_CMT_IRQHandler      
   [WEAK]
  251 0000003A                 EXPORT           TIMER7_Channel_IRQHandler      
   [WEAK]
  252 0000003A                 EXPORT           ADC2_IRQHandler                
   [WEAK]
  253 0000003A                 EXPORT           EXMC_IRQHandler                
   [WEAK]
  254 0000003A                 EXPORT           SDIO_IRQHandler                
   [WEAK]
  255 0000003A                 EXPORT           TIMER4_IRQHandler              
   [WEAK]
  256 0000003A                 EXPORT           SPI2_IRQHandler                
   [WEAK]
  257 0000003A                 EXPORT           UART3_IRQHandler               
   [WEAK]
  258 0000003A                 EXPORT           UART4_IRQHandler               
   [WEAK]
  259 0000003A                 EXPORT           TIMER5_IRQHandler              
   [WEAK]



ARM Macro Assembler    Page 8 


  260 0000003A                 EXPORT           TIMER6_IRQHandler              
   [WEAK]
  261 0000003A                 EXPORT           DMA1_Channel0_IRQHandler       
   [WEAK]
  262 0000003A                 EXPORT           DMA1_Channel1_IRQHandler       
   [WEAK]
  263 0000003A                 EXPORT           DMA1_Channel2_IRQHandler       
   [WEAK]
  264 0000003A                 EXPORT           DMA1_Channel3_4_IRQHandler     
   [WEAK]
  265 0000003A         
  266 0000003A         ;/* external interrupts handler */
  267 0000003A         WWDGT_IRQHandler
  268 0000003A         LVD_IRQHandler
  269 0000003A         TAMPER_IRQHandler
  270 0000003A         RTC_IRQHandler
  271 0000003A         FMC_IRQHandler
  272 0000003A         RCU_CTC_IRQHandler
  273 0000003A         EXTI0_IRQHandler
  274 0000003A         EXTI1_IRQHandler
  275 0000003A         EXTI2_IRQHandler
  276 0000003A         EXTI3_IRQHandler
  277 0000003A         EXTI4_IRQHandler
  278 0000003A         DMA0_Channel0_IRQHandler
  279 0000003A         DMA0_Channel1_IRQHandler
  280 0000003A         DMA0_Channel2_IRQHandler
  281 0000003A         DMA0_Channel3_IRQHandler
  282 0000003A         DMA0_Channel4_IRQHandler
  283 0000003A         DMA0_Channel5_IRQHandler
  284 0000003A         DMA0_Channel6_IRQHandler
  285 0000003A         ADC0_1_IRQHandler
  286 0000003A         USBD_HP_CAN0_TX_IRQHandler
  287 0000003A         USBD_LP_CAN0_RX0_IRQHandler
  288 0000003A         CAN0_RX1_IRQHandler
  289 0000003A         CAN0_EWMC_IRQHandler
  290 0000003A         EXTI5_9_IRQHandler
  291 0000003A         TIMER0_BRK_IRQHandler
  292 0000003A         TIMER0_UP_IRQHandler
  293 0000003A         TIMER0_TRG_CMT_IRQHandler
  294 0000003A         TIMER0_Channel_IRQHandler
  295 0000003A         TIMER1_IRQHandler
  296 0000003A         TIMER2_IRQHandler
  297 0000003A         TIMER3_IRQHandler
  298 0000003A         I2C0_EV_IRQHandler
  299 0000003A         I2C0_ER_IRQHandler
  300 0000003A         I2C1_EV_IRQHandler
  301 0000003A         I2C1_ER_IRQHandler
  302 0000003A         SPI0_IRQHandler
  303 0000003A         SPI1_IRQHandler
  304 0000003A         USART0_IRQHandler
  305 0000003A         USART1_IRQHandler
  306 0000003A         USART2_IRQHandler
  307 0000003A         EXTI10_15_IRQHandler
  308 0000003A         RTC_Alarm_IRQHandler
  309 0000003A         USBD_WKUP_IRQHandler
  310 0000003A         TIMER7_BRK_IRQHandler
  311 0000003A         TIMER7_UP_IRQHandler
  312 0000003A         TIMER7_TRG_CMT_IRQHandler
  313 0000003A         TIMER7_Channel_IRQHandler



ARM Macro Assembler    Page 9 


  314 0000003A         ADC2_IRQHandler
  315 0000003A         EXMC_IRQHandler
  316 0000003A         SDIO_IRQHandler
  317 0000003A         TIMER4_IRQHandler
  318 0000003A         SPI2_IRQHandler
  319 0000003A         UART3_IRQHandler
  320 0000003A         UART4_IRQHandler
  321 0000003A         TIMER5_IRQHandler
  322 0000003A         TIMER6_IRQHandler
  323 0000003A         DMA1_Channel0_IRQHandler
  324 0000003A         DMA1_Channel1_IRQHandler
  325 0000003A         DMA1_Channel2_IRQHandler
  326 0000003A         DMA1_Channel3_4_IRQHandler
  327 0000003A         
  328 0000003A E7FE            B                .
  329 0000003C                 ENDP
  330 0000003C         
  331 0000003C                 ALIGN
  332 0000003C         
  333 0000003C         ; user Initial Stack & Heap
  334 0000003C         
  335 0000003C                 IF               :DEF:__MICROLIB
  336 0000003C         
  337 0000003C                 EXPORT           __initial_sp
  338 0000003C                 EXPORT           __heap_base
  339 0000003C                 EXPORT           __heap_limit
  340 0000003C         
  341 0000003C                 ELSE
  356                          ENDIF
  357 0000003C         
  358 0000003C                 END
              00000000 
              E000ED88 
              E000EF34 
              00000000 
Command Line: --debug --xref --diag_suppress=9931 --cpu=Cortex-M4.fp.sp --apcs=
interwork --depend=.\objects\startup_gd32f30x_hd.d -o.\objects\startup_gd32f30x
_hd.o -I.\RTE\_Target_1 -IF:\keil5.3\ARM\CMSIS\5.7.0\CMSIS\Core\Include -IF:\ke
il5.3\GigaDevice\GD32F30x_DFP\2.1.0\Device\Include --predefine="__MICROLIB SETA
 1" --predefine="__UVISION_VERSION SETA 530" --predefine="_RTE_ SETA 1" --prede
fine="GD32F30X_HD SETA 1" --predefine="_RTE_ SETA 1" --list=.\listings\startup_
gd32f30x_hd.lst ..\ARM\System\startup_gd32f30x_hd.s



ARM Macro Assembler    Page 1 Alphabetic symbol ordering
Relocatable symbols

STACK 00000000

Symbol: STACK
   Definitions
      At line 18 in file ..\ARM\System\startup_gd32f30x_hd.s
   Uses
      None
Comment: STACK unused
Stack_Mem 00000000

Symbol: Stack_Mem
   Definitions
      At line 19 in file ..\ARM\System\startup_gd32f30x_hd.s
   Uses
      None
Comment: Stack_Mem unused
__initial_sp 00000800

Symbol: __initial_sp
   Definitions
      At line 20 in file ..\ARM\System\startup_gd32f30x_hd.s
   Uses
      At line 43 in file ..\ARM\System\startup_gd32f30x_hd.s
      At line 337 in file ..\ARM\System\startup_gd32f30x_hd.s

3 symbols



ARM Macro Assembler    Page 1 Alphabetic symbol ordering
Relocatable symbols

HEAP 00000000

Symbol: HEAP
   Definitions
      At line 29 in file ..\ARM\System\startup_gd32f30x_hd.s
   Uses
      None
Comment: HEAP unused
Heap_Mem 00000000

Symbol: Heap_Mem
   Definitions
      At line 31 in file ..\ARM\System\startup_gd32f30x_hd.s
   Uses
      None
Comment: Heap_Mem unused
__heap_base 00000000

Symbol: __heap_base
   Definitions
      At line 30 in file ..\ARM\System\startup_gd32f30x_hd.s
   Uses
      At line 338 in file ..\ARM\System\startup_gd32f30x_hd.s
Comment: __heap_base used once
__heap_limit 00000400

Symbol: __heap_limit
   Definitions
      At line 32 in file ..\ARM\System\startup_gd32f30x_hd.s
   Uses
      At line 339 in file ..\ARM\System\startup_gd32f30x_hd.s
Comment: __heap_limit used once
4 symbols



ARM Macro Assembler    Page 1 Alphabetic symbol ordering
Relocatable symbols

RESET 00000000

Symbol: RESET
   Definitions
      At line 38 in file ..\ARM\System\startup_gd32f30x_hd.s
   Uses
      None
Comment: RESET unused
__Vectors 00000000

Symbol: __Vectors
   Definitions
      At line 43 in file ..\ARM\System\startup_gd32f30x_hd.s
   Uses
      At line 39 in file ..\ARM\System\startup_gd32f30x_hd.s
      At line 124 in file ..\ARM\System\startup_gd32f30x_hd.s

__Vectors_End 00000130

Symbol: __Vectors_End
   Definitions
      At line 122 in file ..\ARM\System\startup_gd32f30x_hd.s
   Uses
      At line 40 in file ..\ARM\System\startup_gd32f30x_hd.s
      At line 124 in file ..\ARM\System\startup_gd32f30x_hd.s

3 symbols



ARM Macro Assembler    Page 1 Alphabetic symbol ordering
Relocatable symbols

.text 00000000

Symbol: .text
   Definitions
      At line 126 in file ..\ARM\System\startup_gd32f30x_hd.s
   Uses
      None
Comment: .text unused
ADC0_1_IRQHandler 0000003A

Symbol: ADC0_1_IRQHandler
   Definitions
      At line 285 in file ..\ARM\System\startup_gd32f30x_hd.s
   Uses
      At line 79 in file ..\ARM\System\startup_gd32f30x_hd.s
      At line 223 in file ..\ARM\System\startup_gd32f30x_hd.s

ADC2_IRQHandler 0000003A

Symbol: ADC2_IRQHandler
   Definitions
      At line 314 in file ..\ARM\System\startup_gd32f30x_hd.s
   Uses
      At line 108 in file ..\ARM\System\startup_gd32f30x_hd.s
      At line 252 in file ..\ARM\System\startup_gd32f30x_hd.s

BusFault_Handler 0000002E

Symbol: BusFault_Handler
   Definitions
      At line 174 in file ..\ARM\System\startup_gd32f30x_hd.s
   Uses
      At line 48 in file ..\ARM\System\startup_gd32f30x_hd.s
      At line 175 in file ..\ARM\System\startup_gd32f30x_hd.s

CAN0_EWMC_IRQHandler 0000003A

Symbol: CAN0_EWMC_IRQHandler
   Definitions
      At line 289 in file ..\ARM\System\startup_gd32f30x_hd.s
   Uses
      At line 83 in file ..\ARM\System\startup_gd32f30x_hd.s
      At line 227 in file ..\ARM\System\startup_gd32f30x_hd.s

CAN0_RX1_IRQHandler 0000003A

Symbol: CAN0_RX1_IRQHandler
   Definitions
      At line 288 in file ..\ARM\System\startup_gd32f30x_hd.s
   Uses
      At line 82 in file ..\ARM\System\startup_gd32f30x_hd.s
      At line 226 in file ..\ARM\System\startup_gd32f30x_hd.s

DMA0_Channel0_IRQHandler 0000003A

Symbol: DMA0_Channel0_IRQHandler
   Definitions
      At line 278 in file ..\ARM\System\startup_gd32f30x_hd.s
   Uses



ARM Macro Assembler    Page 2 Alphabetic symbol ordering
Relocatable symbols

      At line 72 in file ..\ARM\System\startup_gd32f30x_hd.s
      At line 216 in file ..\ARM\System\startup_gd32f30x_hd.s

DMA0_Channel1_IRQHandler 0000003A

Symbol: DMA0_Channel1_IRQHandler
   Definitions
      At line 279 in file ..\ARM\System\startup_gd32f30x_hd.s
   Uses
      At line 73 in file ..\ARM\System\startup_gd32f30x_hd.s
      At line 217 in file ..\ARM\System\startup_gd32f30x_hd.s

DMA0_Channel2_IRQHandler 0000003A

Symbol: DMA0_Channel2_IRQHandler
   Definitions
      At line 280 in file ..\ARM\System\startup_gd32f30x_hd.s
   Uses
      At line 74 in file ..\ARM\System\startup_gd32f30x_hd.s
      At line 218 in file ..\ARM\System\startup_gd32f30x_hd.s

DMA0_Channel3_IRQHandler 0000003A

Symbol: DMA0_Channel3_IRQHandler
   Definitions
      At line 281 in file ..\ARM\System\startup_gd32f30x_hd.s
   Uses
      At line 75 in file ..\ARM\System\startup_gd32f30x_hd.s
      At line 219 in file ..\ARM\System\startup_gd32f30x_hd.s

DMA0_Channel4_IRQHandler 0000003A

Symbol: DMA0_Channel4_IRQHandler
   Definitions
      At line 282 in file ..\ARM\System\startup_gd32f30x_hd.s
   Uses
      At line 76 in file ..\ARM\System\startup_gd32f30x_hd.s
      At line 220 in file ..\ARM\System\startup_gd32f30x_hd.s

DMA0_Channel5_IRQHandler 0000003A

Symbol: DMA0_Channel5_IRQHandler
   Definitions
      At line 283 in file ..\ARM\System\startup_gd32f30x_hd.s
   Uses
      At line 77 in file ..\ARM\System\startup_gd32f30x_hd.s
      At line 221 in file ..\ARM\System\startup_gd32f30x_hd.s

DMA0_Channel6_IRQHandler 0000003A

Symbol: DMA0_Channel6_IRQHandler
   Definitions
      At line 284 in file ..\ARM\System\startup_gd32f30x_hd.s
   Uses
      At line 78 in file ..\ARM\System\startup_gd32f30x_hd.s
      At line 222 in file ..\ARM\System\startup_gd32f30x_hd.s

DMA1_Channel0_IRQHandler 0000003A




ARM Macro Assembler    Page 3 Alphabetic symbol ordering
Relocatable symbols

Symbol: DMA1_Channel0_IRQHandler
   Definitions
      At line 323 in file ..\ARM\System\startup_gd32f30x_hd.s
   Uses
      At line 117 in file ..\ARM\System\startup_gd32f30x_hd.s
      At line 261 in file ..\ARM\System\startup_gd32f30x_hd.s

DMA1_Channel1_IRQHandler 0000003A

Symbol: DMA1_Channel1_IRQHandler
   Definitions
      At line 324 in file ..\ARM\System\startup_gd32f30x_hd.s
   Uses
      At line 118 in file ..\ARM\System\startup_gd32f30x_hd.s
      At line 262 in file ..\ARM\System\startup_gd32f30x_hd.s

DMA1_Channel2_IRQHandler 0000003A

Symbol: DMA1_Channel2_IRQHandler
   Definitions
      At line 325 in file ..\ARM\System\startup_gd32f30x_hd.s
   Uses
      At line 119 in file ..\ARM\System\startup_gd32f30x_hd.s
      At line 263 in file ..\ARM\System\startup_gd32f30x_hd.s

DMA1_Channel3_4_IRQHandler 0000003A

Symbol: DMA1_Channel3_4_IRQHandler
   Definitions
      At line 326 in file ..\ARM\System\startup_gd32f30x_hd.s
   Uses
      At line 120 in file ..\ARM\System\startup_gd32f30x_hd.s
      At line 264 in file ..\ARM\System\startup_gd32f30x_hd.s

DebugMon_Handler 00000034

Symbol: DebugMon_Handler
   Definitions
      At line 188 in file ..\ARM\System\startup_gd32f30x_hd.s
   Uses
      At line 55 in file ..\ARM\System\startup_gd32f30x_hd.s
      At line 189 in file ..\ARM\System\startup_gd32f30x_hd.s

Default_Handler 0000003A

Symbol: Default_Handler
   Definitions
      At line 203 in file ..\ARM\System\startup_gd32f30x_hd.s
   Uses
      None
Comment: Default_Handler unused
EXMC_IRQHandler 0000003A

Symbol: EXMC_IRQHandler
   Definitions
      At line 315 in file ..\ARM\System\startup_gd32f30x_hd.s
   Uses
      At line 109 in file ..\ARM\System\startup_gd32f30x_hd.s
      At line 253 in file ..\ARM\System\startup_gd32f30x_hd.s



ARM Macro Assembler    Page 4 Alphabetic symbol ordering
Relocatable symbols


EXTI0_IRQHandler 0000003A

Symbol: EXTI0_IRQHandler
   Definitions
      At line 273 in file ..\ARM\System\startup_gd32f30x_hd.s
   Uses
      At line 67 in file ..\ARM\System\startup_gd32f30x_hd.s
      At line 211 in file ..\ARM\System\startup_gd32f30x_hd.s

EXTI10_15_IRQHandler 0000003A

Symbol: EXTI10_15_IRQHandler
   Definitions
      At line 307 in file ..\ARM\System\startup_gd32f30x_hd.s
   Uses
      At line 101 in file ..\ARM\System\startup_gd32f30x_hd.s
      At line 245 in file ..\ARM\System\startup_gd32f30x_hd.s

EXTI1_IRQHandler 0000003A

Symbol: EXTI1_IRQHandler
   Definitions
      At line 274 in file ..\ARM\System\startup_gd32f30x_hd.s
   Uses
      At line 68 in file ..\ARM\System\startup_gd32f30x_hd.s
      At line 212 in file ..\ARM\System\startup_gd32f30x_hd.s

EXTI2_IRQHandler 0000003A

Symbol: EXTI2_IRQHandler
   Definitions
      At line 275 in file ..\ARM\System\startup_gd32f30x_hd.s
   Uses
      At line 69 in file ..\ARM\System\startup_gd32f30x_hd.s
      At line 213 in file ..\ARM\System\startup_gd32f30x_hd.s

EXTI3_IRQHandler 0000003A

Symbol: EXTI3_IRQHandler
   Definitions
      At line 276 in file ..\ARM\System\startup_gd32f30x_hd.s
   Uses
      At line 70 in file ..\ARM\System\startup_gd32f30x_hd.s
      At line 214 in file ..\ARM\System\startup_gd32f30x_hd.s

EXTI4_IRQHandler 0000003A

Symbol: EXTI4_IRQHandler
   Definitions
      At line 277 in file ..\ARM\System\startup_gd32f30x_hd.s
   Uses
      At line 71 in file ..\ARM\System\startup_gd32f30x_hd.s
      At line 215 in file ..\ARM\System\startup_gd32f30x_hd.s

EXTI5_9_IRQHandler 0000003A

Symbol: EXTI5_9_IRQHandler
   Definitions



ARM Macro Assembler    Page 5 Alphabetic symbol ordering
Relocatable symbols

      At line 290 in file ..\ARM\System\startup_gd32f30x_hd.s
   Uses
      At line 84 in file ..\ARM\System\startup_gd32f30x_hd.s
      At line 228 in file ..\ARM\System\startup_gd32f30x_hd.s

FMC_IRQHandler 0000003A

Symbol: FMC_IRQHandler
   Definitions
      At line 271 in file ..\ARM\System\startup_gd32f30x_hd.s
   Uses
      At line 65 in file ..\ARM\System\startup_gd32f30x_hd.s
      At line 209 in file ..\ARM\System\startup_gd32f30x_hd.s

HardFault_Handler 0000002A

Symbol: HardFault_Handler
   Definitions
      At line 164 in file ..\ARM\System\startup_gd32f30x_hd.s
   Uses
      At line 46 in file ..\ARM\System\startup_gd32f30x_hd.s
      At line 165 in file ..\ARM\System\startup_gd32f30x_hd.s

I2C0_ER_IRQHandler 0000003A

Symbol: I2C0_ER_IRQHandler
   Definitions
      At line 299 in file ..\ARM\System\startup_gd32f30x_hd.s
   Uses
      At line 93 in file ..\ARM\System\startup_gd32f30x_hd.s
      At line 237 in file ..\ARM\System\startup_gd32f30x_hd.s

I2C0_EV_IRQHandler 0000003A

Symbol: I2C0_EV_IRQHandler
   Definitions
      At line 298 in file ..\ARM\System\startup_gd32f30x_hd.s
   Uses
      At line 92 in file ..\ARM\System\startup_gd32f30x_hd.s
      At line 236 in file ..\ARM\System\startup_gd32f30x_hd.s

I2C1_ER_IRQHandler 0000003A

Symbol: I2C1_ER_IRQHandler
   Definitions
      At line 301 in file ..\ARM\System\startup_gd32f30x_hd.s
   Uses
      At line 95 in file ..\ARM\System\startup_gd32f30x_hd.s
      At line 239 in file ..\ARM\System\startup_gd32f30x_hd.s

I2C1_EV_IRQHandler 0000003A

Symbol: I2C1_EV_IRQHandler
   Definitions
      At line 300 in file ..\ARM\System\startup_gd32f30x_hd.s
   Uses
      At line 94 in file ..\ARM\System\startup_gd32f30x_hd.s
      At line 238 in file ..\ARM\System\startup_gd32f30x_hd.s




ARM Macro Assembler    Page 6 Alphabetic symbol ordering
Relocatable symbols

LVD_IRQHandler 0000003A

Symbol: LVD_IRQHandler
   Definitions
      At line 268 in file ..\ARM\System\startup_gd32f30x_hd.s
   Uses
      At line 62 in file ..\ARM\System\startup_gd32f30x_hd.s
      At line 206 in file ..\ARM\System\startup_gd32f30x_hd.s

MemManage_Handler 0000002C

Symbol: MemManage_Handler
   Definitions
      At line 169 in file ..\ARM\System\startup_gd32f30x_hd.s
   Uses
      At line 47 in file ..\ARM\System\startup_gd32f30x_hd.s
      At line 170 in file ..\ARM\System\startup_gd32f30x_hd.s

NMI_Handler 00000028

Symbol: NMI_Handler
   Definitions
      At line 159 in file ..\ARM\System\startup_gd32f30x_hd.s
   Uses
      At line 45 in file ..\ARM\System\startup_gd32f30x_hd.s
      At line 160 in file ..\ARM\System\startup_gd32f30x_hd.s

OS_CPU_PendSVHandler 00000036

Symbol: OS_CPU_PendSVHandler
   Definitions
      At line 193 in file ..\ARM\System\startup_gd32f30x_hd.s
   Uses
      At line 57 in file ..\ARM\System\startup_gd32f30x_hd.s
      At line 194 in file ..\ARM\System\startup_gd32f30x_hd.s

OS_CPU_SysTickHandler 00000038

Symbol: OS_CPU_SysTickHandler
   Definitions
      At line 198 in file ..\ARM\System\startup_gd32f30x_hd.s
   Uses
      At line 58 in file ..\ARM\System\startup_gd32f30x_hd.s
      At line 199 in file ..\ARM\System\startup_gd32f30x_hd.s

RCU_CTC_IRQHandler 0000003A

Symbol: RCU_CTC_IRQHandler
   Definitions
      At line 272 in file ..\ARM\System\startup_gd32f30x_hd.s
   Uses
      At line 66 in file ..\ARM\System\startup_gd32f30x_hd.s
      At line 210 in file ..\ARM\System\startup_gd32f30x_hd.s

RTC_Alarm_IRQHandler 0000003A

Symbol: RTC_Alarm_IRQHandler
   Definitions
      At line 308 in file ..\ARM\System\startup_gd32f30x_hd.s



ARM Macro Assembler    Page 7 Alphabetic symbol ordering
Relocatable symbols

   Uses
      At line 102 in file ..\ARM\System\startup_gd32f30x_hd.s
      At line 246 in file ..\ARM\System\startup_gd32f30x_hd.s

RTC_IRQHandler 0000003A

Symbol: RTC_IRQHandler
   Definitions
      At line 270 in file ..\ARM\System\startup_gd32f30x_hd.s
   Uses
      At line 64 in file ..\ARM\System\startup_gd32f30x_hd.s
      At line 208 in file ..\ARM\System\startup_gd32f30x_hd.s

Reset_Handler 00000000

Symbol: Reset_Handler
   Definitions
      At line 129 in file ..\ARM\System\startup_gd32f30x_hd.s
   Uses
      At line 44 in file ..\ARM\System\startup_gd32f30x_hd.s
      At line 130 in file ..\ARM\System\startup_gd32f30x_hd.s

SDIO_IRQHandler 0000003A

Symbol: SDIO_IRQHandler
   Definitions
      At line 316 in file ..\ARM\System\startup_gd32f30x_hd.s
   Uses
      At line 110 in file ..\ARM\System\startup_gd32f30x_hd.s
      At line 254 in file ..\ARM\System\startup_gd32f30x_hd.s

SPI0_IRQHandler 0000003A

Symbol: SPI0_IRQHandler
   Definitions
      At line 302 in file ..\ARM\System\startup_gd32f30x_hd.s
   Uses
      At line 96 in file ..\ARM\System\startup_gd32f30x_hd.s
      At line 240 in file ..\ARM\System\startup_gd32f30x_hd.s

SPI1_IRQHandler 0000003A

Symbol: SPI1_IRQHandler
   Definitions
      At line 303 in file ..\ARM\System\startup_gd32f30x_hd.s
   Uses
      At line 97 in file ..\ARM\System\startup_gd32f30x_hd.s
      At line 241 in file ..\ARM\System\startup_gd32f30x_hd.s

SPI2_IRQHandler 0000003A

Symbol: SPI2_IRQHandler
   Definitions
      At line 318 in file ..\ARM\System\startup_gd32f30x_hd.s
   Uses
      At line 112 in file ..\ARM\System\startup_gd32f30x_hd.s
      At line 256 in file ..\ARM\System\startup_gd32f30x_hd.s

SVC_Handler 00000032



ARM Macro Assembler    Page 8 Alphabetic symbol ordering
Relocatable symbols


Symbol: SVC_Handler
   Definitions
      At line 183 in file ..\ARM\System\startup_gd32f30x_hd.s
   Uses
      At line 54 in file ..\ARM\System\startup_gd32f30x_hd.s
      At line 184 in file ..\ARM\System\startup_gd32f30x_hd.s

TAMPER_IRQHandler 0000003A

Symbol: TAMPER_IRQHandler
   Definitions
      At line 269 in file ..\ARM\System\startup_gd32f30x_hd.s
   Uses
      At line 63 in file ..\ARM\System\startup_gd32f30x_hd.s
      At line 207 in file ..\ARM\System\startup_gd32f30x_hd.s

TIMER0_BRK_IRQHandler 0000003A

Symbol: TIMER0_BRK_IRQHandler
   Definitions
      At line 291 in file ..\ARM\System\startup_gd32f30x_hd.s
   Uses
      At line 85 in file ..\ARM\System\startup_gd32f30x_hd.s
      At line 229 in file ..\ARM\System\startup_gd32f30x_hd.s

TIMER0_Channel_IRQHandler 0000003A

Symbol: TIMER0_Channel_IRQHandler
   Definitions
      At line 294 in file ..\ARM\System\startup_gd32f30x_hd.s
   Uses
      At line 88 in file ..\ARM\System\startup_gd32f30x_hd.s
      At line 232 in file ..\ARM\System\startup_gd32f30x_hd.s

TIMER0_TRG_CMT_IRQHandler 0000003A

Symbol: TIMER0_TRG_CMT_IRQHandler
   Definitions
      At line 293 in file ..\ARM\System\startup_gd32f30x_hd.s
   Uses
      At line 87 in file ..\ARM\System\startup_gd32f30x_hd.s
      At line 231 in file ..\ARM\System\startup_gd32f30x_hd.s

TIMER0_UP_IRQHandler 0000003A

Symbol: TIMER0_UP_IRQHandler
   Definitions
      At line 292 in file ..\ARM\System\startup_gd32f30x_hd.s
   Uses
      At line 86 in file ..\ARM\System\startup_gd32f30x_hd.s
      At line 230 in file ..\ARM\System\startup_gd32f30x_hd.s

TIMER1_IRQHandler 0000003A

Symbol: TIMER1_IRQHandler
   Definitions
      At line 295 in file ..\ARM\System\startup_gd32f30x_hd.s
   Uses



ARM Macro Assembler    Page 9 Alphabetic symbol ordering
Relocatable symbols

      At line 89 in file ..\ARM\System\startup_gd32f30x_hd.s
      At line 233 in file ..\ARM\System\startup_gd32f30x_hd.s

TIMER2_IRQHandler 0000003A

Symbol: TIMER2_IRQHandler
   Definitions
      At line 296 in file ..\ARM\System\startup_gd32f30x_hd.s
   Uses
      At line 90 in file ..\ARM\System\startup_gd32f30x_hd.s
      At line 234 in file ..\ARM\System\startup_gd32f30x_hd.s

TIMER3_IRQHandler 0000003A

Symbol: TIMER3_IRQHandler
   Definitions
      At line 297 in file ..\ARM\System\startup_gd32f30x_hd.s
   Uses
      At line 91 in file ..\ARM\System\startup_gd32f30x_hd.s
      At line 235 in file ..\ARM\System\startup_gd32f30x_hd.s

TIMER4_IRQHandler 0000003A

Symbol: TIMER4_IRQHandler
   Definitions
      At line 317 in file ..\ARM\System\startup_gd32f30x_hd.s
   Uses
      At line 111 in file ..\ARM\System\startup_gd32f30x_hd.s
      At line 255 in file ..\ARM\System\startup_gd32f30x_hd.s

TIMER5_IRQHandler 0000003A

Symbol: TIMER5_IRQHandler
   Definitions
      At line 321 in file ..\ARM\System\startup_gd32f30x_hd.s
   Uses
      At line 115 in file ..\ARM\System\startup_gd32f30x_hd.s
      At line 259 in file ..\ARM\System\startup_gd32f30x_hd.s

TIMER6_IRQHandler 0000003A

Symbol: TIMER6_IRQHandler
   Definitions
      At line 322 in file ..\ARM\System\startup_gd32f30x_hd.s
   Uses
      At line 116 in file ..\ARM\System\startup_gd32f30x_hd.s
      At line 260 in file ..\ARM\System\startup_gd32f30x_hd.s

TIMER7_BRK_IRQHandler 0000003A

Symbol: TIMER7_BRK_IRQHandler
   Definitions
      At line 310 in file ..\ARM\System\startup_gd32f30x_hd.s
   Uses
      At line 104 in file ..\ARM\System\startup_gd32f30x_hd.s
      At line 248 in file ..\ARM\System\startup_gd32f30x_hd.s

TIMER7_Channel_IRQHandler 0000003A




ARM Macro Assembler    Page 10 Alphabetic symbol ordering
Relocatable symbols

Symbol: TIMER7_Channel_IRQHandler
   Definitions
      At line 313 in file ..\ARM\System\startup_gd32f30x_hd.s
   Uses
      At line 107 in file ..\ARM\System\startup_gd32f30x_hd.s
      At line 251 in file ..\ARM\System\startup_gd32f30x_hd.s

TIMER7_TRG_CMT_IRQHandler 0000003A

Symbol: TIMER7_TRG_CMT_IRQHandler
   Definitions
      At line 312 in file ..\ARM\System\startup_gd32f30x_hd.s
   Uses
      At line 106 in file ..\ARM\System\startup_gd32f30x_hd.s
      At line 250 in file ..\ARM\System\startup_gd32f30x_hd.s

TIMER7_UP_IRQHandler 0000003A

Symbol: TIMER7_UP_IRQHandler
   Definitions
      At line 311 in file ..\ARM\System\startup_gd32f30x_hd.s
   Uses
      At line 105 in file ..\ARM\System\startup_gd32f30x_hd.s
      At line 249 in file ..\ARM\System\startup_gd32f30x_hd.s

UART3_IRQHandler 0000003A

Symbol: UART3_IRQHandler
   Definitions
      At line 319 in file ..\ARM\System\startup_gd32f30x_hd.s
   Uses
      At line 113 in file ..\ARM\System\startup_gd32f30x_hd.s
      At line 257 in file ..\ARM\System\startup_gd32f30x_hd.s

UART4_IRQHandler 0000003A

Symbol: UART4_IRQHandler
   Definitions
      At line 320 in file ..\ARM\System\startup_gd32f30x_hd.s
   Uses
      At line 114 in file ..\ARM\System\startup_gd32f30x_hd.s
      At line 258 in file ..\ARM\System\startup_gd32f30x_hd.s

USART0_IRQHandler 0000003A

Symbol: USART0_IRQHandler
   Definitions
      At line 304 in file ..\ARM\System\startup_gd32f30x_hd.s
   Uses
      At line 98 in file ..\ARM\System\startup_gd32f30x_hd.s
      At line 242 in file ..\ARM\System\startup_gd32f30x_hd.s

USART1_IRQHandler 0000003A

Symbol: USART1_IRQHandler
   Definitions
      At line 305 in file ..\ARM\System\startup_gd32f30x_hd.s
   Uses
      At line 99 in file ..\ARM\System\startup_gd32f30x_hd.s



ARM Macro Assembler    Page 11 Alphabetic symbol ordering
Relocatable symbols

      At line 243 in file ..\ARM\System\startup_gd32f30x_hd.s

USART2_IRQHandler 0000003A

Symbol: USART2_IRQHandler
   Definitions
      At line 306 in file ..\ARM\System\startup_gd32f30x_hd.s
   Uses
      At line 100 in file ..\ARM\System\startup_gd32f30x_hd.s
      At line 244 in file ..\ARM\System\startup_gd32f30x_hd.s

USBD_HP_CAN0_TX_IRQHandler 0000003A

Symbol: USBD_HP_CAN0_TX_IRQHandler
   Definitions
      At line 286 in file ..\ARM\System\startup_gd32f30x_hd.s
   Uses
      At line 80 in file ..\ARM\System\startup_gd32f30x_hd.s
      At line 224 in file ..\ARM\System\startup_gd32f30x_hd.s

USBD_LP_CAN0_RX0_IRQHandler 0000003A

Symbol: USBD_LP_CAN0_RX0_IRQHandler
   Definitions
      At line 287 in file ..\ARM\System\startup_gd32f30x_hd.s
   Uses
      At line 81 in file ..\ARM\System\startup_gd32f30x_hd.s
      At line 225 in file ..\ARM\System\startup_gd32f30x_hd.s

USBD_WKUP_IRQHandler 0000003A

Symbol: USBD_WKUP_IRQHandler
   Definitions
      At line 309 in file ..\ARM\System\startup_gd32f30x_hd.s
   Uses
      At line 103 in file ..\ARM\System\startup_gd32f30x_hd.s
      At line 247 in file ..\ARM\System\startup_gd32f30x_hd.s

UsageFault_Handler 00000030

Symbol: UsageFault_Handler
   Definitions
      At line 179 in file ..\ARM\System\startup_gd32f30x_hd.s
   Uses
      At line 49 in file ..\ARM\System\startup_gd32f30x_hd.s
      At line 180 in file ..\ARM\System\startup_gd32f30x_hd.s

WWDGT_IRQHandler 0000003A

Symbol: WWDGT_IRQHandler
   Definitions
      At line 267 in file ..\ARM\System\startup_gd32f30x_hd.s
   Uses
      At line 61 in file ..\ARM\System\startup_gd32f30x_hd.s
      At line 205 in file ..\ARM\System\startup_gd32f30x_hd.s

72 symbols



ARM Macro Assembler    Page 1 Alphabetic symbol ordering
Absolute symbols

Heap_Size 00000400

Symbol: Heap_Size
   Definitions
      At line 27 in file ..\ARM\System\startup_gd32f30x_hd.s
   Uses
      At line 31 in file ..\ARM\System\startup_gd32f30x_hd.s
Comment: Heap_Size used once
Stack_Size 00000800

Symbol: Stack_Size
   Definitions
      At line 16 in file ..\ARM\System\startup_gd32f30x_hd.s
   Uses
      At line 19 in file ..\ARM\System\startup_gd32f30x_hd.s
Comment: Stack_Size used once
__Vectors_Size 00000130

Symbol: __Vectors_Size
   Definitions
      At line 124 in file ..\ARM\System\startup_gd32f30x_hd.s
   Uses
      At line 41 in file ..\ARM\System\startup_gd32f30x_hd.s
Comment: __Vectors_Size used once
3 symbols



ARM Macro Assembler    Page 1 Alphabetic symbol ordering
External symbols

SystemInit 00000000

Symbol: SystemInit
   Definitions
      At line 131 in file ..\ARM\System\startup_gd32f30x_hd.s
   Uses
      At line 133 in file ..\ARM\System\startup_gd32f30x_hd.s
Comment: SystemInit used once
__main 00000000

Symbol: __main
   Definitions
      At line 132 in file ..\ARM\System\startup_gd32f30x_hd.s
   Uses
      At line 154 in file ..\ARM\System\startup_gd32f30x_hd.s
Comment: __main used once
2 symbols
424 symbols in table
